<?xml version='1.0' encoding='UTF-8'?>
<testsuite hostname="bogdan-Aspire-A515-56" name="TestRegression" tests="10" errors="0" failures="10" skipped="0" time="0.028" timestamp="2024-03-27T10:24:09">
          <properties>
[...]
</properties>
          <testcase classname="TestRegression" name="1" time="0.027">
                      <failure message="an implementation is missing" type="scala.NotImplementedError">scala.NotImplementedError: an implementation is missing
	at scala.Predef$.$qmark$qmark$qmark(Predef.scala:344)
	at Regression$.regression(Regression.scala:9)
	at TestRegression.$init$$$anonfun$1(TestRegression.scala:25)
	at scala.runtime.java8.JFunction0$mcV$sp.apply(JFunction0$mcV$sp.scala:18)
</failure>
                    </testcase><testcase classname="TestRegression" name="2" time="0.001">
                      <failure message="an implementation is missing" type="scala.NotImplementedError">scala.NotImplementedError: an implementation is missing
	at scala.Predef$.$qmark$qmark$qmark(Predef.scala:344)
	at Regression$.regression(Regression.scala:9)
	at TestRegression.$init$$$anonfun$2(TestRegression.scala:39)
	at scala.runtime.java8.JFunction0$mcV$sp.apply(JFunction0$mcV$sp.scala:18)
</failure>
                    </testcase><testcase classname="TestRegression" name="3" time="0.0">
                      <failure message="an implementation is missing" type="scala.NotImplementedError">scala.NotImplementedError: an implementation is missing
	at scala.Predef$.$qmark$qmark$qmark(Predef.scala:344)
	at Regression$.regression(Regression.scala:9)
	at TestRegression.$init$$$anonfun$3(TestRegression.scala:53)
	at scala.runtime.java8.JFunction0$mcV$sp.apply(JFunction0$mcV$sp.scala:18)
</failure>
                    </testcase><testcase classname="TestRegression" name="4" time="0.0">
                      <failure message="an implementation is missing" type="scala.NotImplementedError">scala.NotImplementedError: an implementation is missing
	at scala.Predef$.$qmark$qmark$qmark(Predef.scala:344)
	at Regression$.regression(Regression.scala:9)
	at TestRegression.$init$$$anonfun$4(TestRegression.scala:68)
	at scala.runtime.java8.JFunction0$mcV$sp.apply(JFunction0$mcV$sp.scala:18)
</failure>
                    </testcase><testcase classname="TestRegression" name="5" time="0.0">
                      <failure message="an implementation is missing" type="scala.NotImplementedError">scala.NotImplementedError: an implementation is missing
	at scala.Predef$.$qmark$qmark$qmark(Predef.scala:344)
	at Regression$.regression(Regression.scala:9)
	at TestRegression.$init$$$anonfun$5(TestRegression.scala:83)
	at scala.runtime.java8.JFunction0$mcV$sp.apply(JFunction0$mcV$sp.scala:18)
</failure>
                    </testcase><testcase classname="TestRegression" name="6" time="0.0">
                      <failure message="an implementation is missing" type="scala.NotImplementedError">scala.NotImplementedError: an implementation is missing
	at scala.Predef$.$qmark$qmark$qmark(Predef.scala:344)
	at Regression$.regression(Regression.scala:9)
	at TestRegression.$init$$$anonfun$6(TestRegression.scala:97)
	at scala.runtime.java8.JFunction0$mcV$sp.apply(JFunction0$mcV$sp.scala:18)
</failure>
                    </testcase><testcase classname="TestRegression" name="7" time="0.0">
                      <failure message="an implementation is missing" type="scala.NotImplementedError">scala.NotImplementedError: an implementation is missing
	at scala.Predef$.$qmark$qmark$qmark(Predef.scala:344)
	at Regression$.regression(Regression.scala:9)
	at TestRegression.$init$$$anonfun$7(TestRegression.scala:111)
	at scala.runtime.java8.JFunction0$mcV$sp.apply(JFunction0$mcV$sp.scala:18)
</failure>
                    </testcase><testcase classname="TestRegression" name="8" time="0.0">
                      <failure message="an implementation is missing" type="scala.NotImplementedError">scala.NotImplementedError: an implementation is missing
	at scala.Predef$.$qmark$qmark$qmark(Predef.scala:344)
	at Regression$.regression(Regression.scala:9)
	at TestRegression.$init$$$anonfun$8(TestRegression.scala:125)
	at scala.runtime.java8.JFunction0$mcV$sp.apply(JFunction0$mcV$sp.scala:18)
</failure>
                    </testcase><testcase classname="TestRegression" name="9" time="0.0">
                      <failure message="an implementation is missing" type="scala.NotImplementedError">scala.NotImplementedError: an implementation is missing
	at scala.Predef$.$qmark$qmark$qmark(Predef.scala:344)
	at Regression$.regression(Regression.scala:9)
	at TestRegression.$init$$$anonfun$9(TestRegression.scala:140)
	at scala.runtime.java8.JFunction0$mcV$sp.apply(JFunction0$mcV$sp.scala:18)
</failure>
                    </testcase><testcase classname="TestRegression" name="10" time="0.0">
                      <failure message="an implementation is missing" type="scala.NotImplementedError">scala.NotImplementedError: an implementation is missing
	at scala.Predef$.$qmark$qmark$qmark(Predef.scala:344)
	at Regression$.regression(Regression.scala:9)
	at TestRegression.$init$$$anonfun$10(TestRegression.scala:155)
	at scala.runtime.java8.JFunction0$mcV$sp.apply(JFunction0$mcV$sp.scala:18)
</failure>
                    </testcase>
          <system-out><![CDATA[]]></system-out>
          <system-err><![CDATA[]]></system-err>
        </testsuite>